app/build/outputs/mapping/release/seeds.txt
localhost_8080.twa.LauncherActivity
localhost_8080.twa.Application
localhost_8080.twa.DelegationService
localhost_8080.twa.Application: Application()
localhost_8080.twa.DelegationService: DelegationService()
localhost_8080.twa.LauncherActivity: LauncherActivity()
...
androidx.appcompat.widget.Toolbar: void setContentInsetEndWithActions(int)
androidx.lifecycle.ReportFragment$LifecycleCallbacks: void onActivityPostResumed(android.app.Activity)
androidx.core.content.res.FontResourcesParserCompat$Api21Impl: int getType(android.content.res.TypedArray,int)
androidx.appcompat.widget.AppCompatTextView: androidx.appcompat.widget.AppCompatTextView$SuperCaller getSuperCaller()
androidx.core.view.ViewCompat$Api21Impl: void setTransitionName(android.view.View,java.lang.String)
androidx.appcompat.widget.AppCompatTextView: androidx.appcompat.widget.AppCompatEmojiTextHelper getEmojiTextViewHelper()
androidx.appcompat.widget.AppCompatTextViewAutoSizeHelper$Impl23: void computeAndSetTextDirection(android.text.StaticLayout$Builder,android.widget.TextView)
androidx.core.view.WindowInsetsCompat$BuilderImpl29: void setTappableElementInsets(androidx.core.graphics.Insets)
androidx.core.view.WindowInsetsCompat$Impl: androidx.core.view.WindowInsetsCompat consumeDisplayCutout()
androidx.core.view.WindowInsetsCompat$Impl: boolean equals(java.lang.Object)
androidx.core.view.accessibility.AccessibilityNodeInfoCompat$Api33Impl: java.lang.String getUniqueId(android.view.accessibility.AccessibilityNodeInfo)
androidx.core.content.ContextCompat$Api23Impl: int getColor(android.content.Context,int)
androidx.appcompat.view.menu.ListMenuItemView: void setForceShowIcon(boolean)
androidx.core.view.WindowInsetsCompat$Impl: void setRootWindowInsets(androidx.core.view.WindowInsetsCompat)
androidx.core.widget.NestedScrollView: float getBottomFadingEdgeStrength()
androidx.appcompat.widget.SearchView$SearchAutoComplete: int getSearchViewTextMinWidthDp()
androidx.appcompat.widget.ActionBarContextView: int getContentHeight()
androidx.core.view.WindowInsetsCompat$BuilderImpl29: androidx.core.view.WindowInsetsCompat build()
androidx.core.view.WindowInsetsCompat$BuilderImpl: void setStableInsets(androidx.core.graphics.Insets)
androidx.core.widget.EdgeEffectCompat$Api31Impl: float getDistance(android.widget.EdgeEffect)
androidx.core.view.ViewParentCompat$Api21Impl: void onNestedScrollAccepted(android.view.ViewParent,android.view.View,android.view.View,int)
androidx.core.graphics.drawable.IconCompat$Api28Impl: int getType(java.lang.Object)
androidx.appcompat.widget.LinearLayoutCompat: int getBaselineAlignedChildIndex()
androidx.core.view.WindowInsetsCompat$Impl: WindowInsetsCompat$Impl(androidx.core.view.WindowInsetsCompat)
androidx.core.widget.NestedScrollView: void setNestedScrollingEnabled(boolean)
androidx.appcompat.widget.ActionMenuView: void setOverflowIcon(android.graphics.drawable.Drawable)
android.support.v4.app.RemoteActionCompatParcelizer: androidx.core.app.RemoteActionCompat read(androidx.versionedparcelable.VersionedParcel)
androidx.appcompat.widget.SearchView$SearchAutoComplete: void setSearchView(androidx.appcompat.widget.SearchView)
androidx.core.widget.NestedScrollView$Api21Impl: boolean getClipToPadding(android.view.ViewGroup)
androidx.vectordrawable.graphics.drawable.VectorDrawableCompat$VFullPath: float getTrimPathOffset()
androidx.appcompat.view.menu.ActionMenuItemView: void setCheckable(boolean)
androidx.core.view.ViewCompat$Api23Impl: void setScrollIndicators(android.view.View,int)
androidx.lifecycle.ProcessLifecycleOwner$attach$1: void onActivityStopped(android.app.Activity)
androidx.appcompat.widget.ActionBarOverlayLayout: int getActionBarHideOffset()
androidx.appcompat.widget.Toolbar: void setCollapseContentDescription(int)
androidx.core.view.WindowInsetsCompat$Impl28: WindowInsetsCompat$Impl28(androidx.core.view.WindowInsetsCompat,androidx.core.view.WindowInsetsCompat$Impl28)
androidx.appcompat.widget.Toolbar: void setOnMenuItemClickListener(androidx.appcompat.widget.Toolbar$OnMenuItemClickListener)
androidx.core.os.BundleCompat$Api33Impl: java.util.ArrayList getParcelableArrayList(android.os.Bundle,java.lang.String,java.lang.Class)