app/build/outputs/mapping/release/usage.txt
localhost_8080.twa.R$bool
localhost_8080.twa.R$color
localhost_8080.twa.R$drawable
localhost_8080.twa.R$integer
localhost_8080.twa.R$mipmap
localhost_8080.twa.R$raw
localhost_8080.twa.R$string
localhost_8080.twa.R$xml
localhost_8080.twa.R
...
kotlin.internal.PureReifiable
kotlin.internal.RequireKotlin$Container
kotlin.internal.RequireKotlin
kotlin.internal.RequireKotlinVersionKind
kotlin.internal.UProgressionUtilKt
kotlin.internal.jdk7.JDK7PlatformImplementations$ReflectSdkVersion
kotlin.internal.jdk7.JDK7PlatformImplementations
kotlin.internal.jdk8.JDK8PlatformImplementations$ReflectSdkVersion
kotlin.internal.jdk8.JDK8PlatformImplementations
kotlin.io.AccessDeniedException
kotlin.io.ByteStreamsKt$iterator$1
kotlin.io.ByteStreamsKt
kotlin.io.CloseableKt
kotlin.io.ConsoleKt
kotlin.io.ConstantsKt
kotlin.io.ExceptionsKt
kotlin.io.ExposingBufferByteArrayOutputStream
kotlin.io.FileAlreadyExistsException
kotlin.io.FilePathComponents
kotlin.io.FileSystemException
kotlin.io.FileTreeWalk$DirectoryState
kotlin.io.FileTreeWalk$FileTreeWalkIterator$BottomUpDirectoryState
kotlin.io.FileTreeWalk$FileTreeWalkIterator$SingleFileState
kotlin.io.FileTreeWalk$FileTreeWalkIterator$TopDownDirectoryState
kotlin.io.FileTreeWalk$FileTreeWalkIterator$WhenMappings
kotlin.io.FileTreeWalk$FileTreeWalkIterator
kotlin.io.FileTreeWalk$WalkState
kotlin.io.FileTreeWalk
kotlin.io.FileWalkDirection
kotlin.io.FilesKt
kotlin.io.FilesKt__FilePathComponentsKt
kotlin.io.FilesKt__FileReadWriteKt$readLines$1
kotlin.io.FilesKt__FileReadWriteKt
kotlin.io.FilesKt__FileTreeWalkKt
kotlin.io.FilesKt__UtilsKt$copyRecursively$1
kotlin.io.FilesKt__UtilsKt$copyRecursively$2
kotlin.io.FilesKt__UtilsKt
kotlin.io.LineReader
kotlin.io.LinesSequence$iterator$1
kotlin.io.LinesSequence
kotlin.io.NoSuchFileException
kotlin.io.OnErrorAction
kotlin.io.ReadAfterEOFException
kotlin.io.SerializableKt
kotlin.io.TerminateException
kotlin.io.TextStreamsKt$readLines$1
kotlin.io.TextStreamsKt
kotlin.io.encoding.Base64$Default
kotlin.io.encoding.Base64
kotlin.io.encoding.Base64JVMKt
kotlin.io.encoding.Base64Kt
kotlin.io.encoding.DecodeInputStream
kotlin.io.encoding.EncodeOutputStream
kotlin.io.encoding.ExperimentalEncodingApi
kotlin.io.encoding.StreamEncodingKt
kotlin.io.encoding.StreamEncodingKt__Base64IOStreamKt
kotlin.io.path.CopyActionContext
kotlin.io.path.CopyActionResult
kotlin.io.path.DefaultCopyActionContext
kotlin.io.path.DirectoryEntriesReader
kotlin.io.path.ExceptionsCollector
kotlin.io.path.ExperimentalPathApi
kotlin.io.path.FileVisitorBuilder
kotlin.io.path.FileVisitorBuilderImpl
kotlin.io.path.FileVisitorImpl
kotlin.io.path.LinkFollowing
kotlin.io.path.OnErrorResult
kotlin.io.path.PathNode
kotlin.io.path.PathRelativizer
kotlin.io.path.PathTreeWalk$bfsIterator$1
kotlin.io.path.PathTreeWalk$dfsIterator$1
kotlin.io.path.PathTreeWalk
kotlin.io.path.PathTreeWalkKt
kotlin.io.path.PathWalkOption
kotlin.io.path.PathsKt
kotlin.io.path.PathsKt__PathReadWriteKt
kotlin.io.path.PathsKt__PathRecursiveFunctionsKt$WhenMappings
kotlin.io.path.PathsKt__PathRecursiveFunctionsKt$copyToRecursively$1
kotlin.io.path.PathsKt__PathRecursiveFunctionsKt$copyToRecursively$2
kotlin.io.path.PathsKt__PathRecursiveFunctionsKt$copyToRecursively$3
kotlin.io.path.PathsKt__PathRecursiveFunctionsKt$copyToRecursively$4
kotlin.io.path.PathsKt__PathRecursiveFunctionsKt$copyToRecursively$5$1
kotlin.io.path.PathsKt__PathRecursiveFunctionsKt$copyToRecursively$5$2
kotlin.io.path.PathsKt__PathRecursiveFunctionsKt$copyToRecursively$5$3
kotlin.io.path.PathsKt__PathRecursiveFunctionsKt$copyToRecursively$5$4
kotlin.io.path.PathsKt__PathRecursiveFunctionsKt$copyToRecursively$5
kotlin.io.path.PathsKt__PathRecursiveFunctionsKt
kotlin.io.path.PathsKt__PathUtilsKt
kotlin.jdk7.AutoCloseableKt
kotlin.js.ExperimentalJsExport
kotlin.jvm.JvmClassMappingKt
kotlin.jvm.JvmDefault
kotlin.jvm.JvmDefaultWithCompatibility
kotlin.jvm.JvmDefaultWithoutCompatibility
kotlin.jvm.JvmField
kotlin.jvm.JvmInline
kotlin.jvm.JvmMultifileClass
kotlin.jvm.JvmName
kotlin.jvm.JvmOverloads
kotlin.jvm.JvmPackageName
kotlin.jvm.JvmRecord
kotlin.jvm.JvmSerializableLambda
kotlin.jvm.JvmStatic
kotlin.jvm.JvmSuppressWildcards
kotlin.jvm.JvmSynthetic
kotlin.jvm.JvmWildcard